\BOOKMARK [1][-]{section.2}{\376\377\000I\000n\000t\000r\000o\000d\000u\000c\000t\000i\000o\000n\000\040\000e\000t\000\040\000p\000r\000o\000b\000l\000\351\000m\000a\000t\000i\000q\000u\000e}{}% 1
\BOOKMARK [2][-]{subsection.3}{\376\377\000D\000e\000s\000c\000r\000i\000p\000t\000i\000o\000n}{section.2}% 2
\BOOKMARK [2][-]{subsection.4}{\376\377\000O\000b\000j\000e\000c\000t\000i\000f\000s}{section.2}% 3
\BOOKMARK [2][-]{subsection.6}{\376\377\000O\000r\000g\000a\000n\000i\000s\000a\000t\000i\000o\000n\000\040\000d\000u\000\040\000r\000a\000p\000p\000o\000r\000t}{section.2}% 4
\BOOKMARK [1][-]{section.9}{\376\377\000D\000o\000n\000n\000\351\000e\000s}{}% 5
\BOOKMARK [2][-]{subsection.10}{\376\377\000D\000o\000n\000n\000\351\000e\000s\000\040\000d\000i\000s\000p\000o\000n\000i\000b\000l\000e\000s}{section.9}% 6
\BOOKMARK [2][-]{subsection.11}{\376\377\000F\000o\000r\000m\000a\000t\000\040\000d\000e\000s\000\040\000d\000o\000n\000n\000\351\000e\000s}{section.9}% 7
\BOOKMARK [3][-]{subsubsection.12}{\376\377\000E\000n\000t\000r\000\351\000e}{subsection.11}% 8
\BOOKMARK [3][-]{subsubsection.13}{\376\377\000S\000o\000r\000t\000i\000e}{subsection.11}% 9
\BOOKMARK [3][-]{subsubsection.14}{\376\377\000C\000o\000n\000t\000r\000a\000i\000n\000t\000e\000s}{subsection.11}% 10
\BOOKMARK [1][-]{section.17}{\376\377\000M\000\351\000t\000r\000i\000q\000u\000e\000s\000\040\000d\000'\000\351\000v\000a\000l\000u\000a\000t\000i\000o\000n\000s\000\040\000e\000t\000\040\000d\000e\000\040\000c\000o\000m\000p\000a\000r\000a\000i\000s\000o\000n\000s}{}% 11
\BOOKMARK [2][-]{subsection.22}{\376\377\000B\000i\000a\000i\000s\000\040\000d\000e\000\040\000t\000y\000p\000e\000\040\000I}{section.17}% 12
\BOOKMARK [2][-]{subsection.25}{\376\377\000M\000\351\000t\000r\000i\000q\000u\000e\000s\000\040\000v\000e\000c\000t\000o\000r\000i\000e\000l\000l\000e\000s}{section.17}% 13
\BOOKMARK [2][-]{subsection.29}{\376\377\000I\000n\000d\000i\000c\000a\000t\000e\000u\000r\000s\000\040\000d\000e\000\040\000q\000u\000a\000l\000i\000t\000\351\000\040\000e\000t\000\040\000d\000'\000\351\000q\000u\000i\000t\000\351}{section.17}% 14
\BOOKMARK [3][-]{subsubsection.31}{\376\377\000L\000e\000\040\000c\000o\000e\000f\000f\000i\000c\000i\000e\000n\000t\000\040\000d\000e\000\040\000G\000i\000n\000i}{subsection.29}% 15
\BOOKMARK [3][-]{subsubsection.34}{\376\377\000P\000a\000r\000e\000t\000o\000\040\000e\000n\000\040\000t\000a\000n\000t\000\040\000q\000u\000e\000\040\000m\000e\000s\000u\000r\000e\000\040\000d\000'\000\351\000q\000u\000i\000t\000\351}{subsection.29}% 16
\BOOKMARK [3][-]{subsubsection.38}{\376\377\000T\000e\000s\000t\000s\000\040\000d\000'\000H\000y\000p\000o\000t\000h\000\350\000s\000e\000s}{subsection.29}% 17
\BOOKMARK [2][-]{subsection.41}{\376\377\000F\000o\000n\000c\000t\000i\000o\000n\000s\000\040\000o\000b\000j\000e\000c\000t\000i\000f\000s}{section.17}% 18
\BOOKMARK [1][-]{section.42}{\376\377\000E\000n\000t\000r\000\351\000e\000\040\040\023\000\040\000S\000o\000n\000d\000a\000g\000e\000\040\000e\000t\000\040\000G\000\351\000n\000\351\000r\000a\000t\000e\000u\000r\000\040\000d\000e\000\040\000d\000o\000n\000n\000\351\000e\000s\000\040\000s\000y\000n\000t\000h\000\351\000t\000i\000q\000u\000e\000s}{}% 19
\BOOKMARK [2][-]{subsection.43}{\376\377\000F\000o\000r\000m\000a\000t\000\040\000d\000e\000s\000\040\000d\000o\000n\000n\000\351\000e\000s}{section.42}% 20
\BOOKMARK [2][-]{subsection.63}{\376\377\000G\000\351\000n\000\351\000r\000a\000t\000e\000u\000r\000\040\000d\000e\000\040\000d\000o\000n\000n\000\351\000e\000s\000\040\000s\000y\000n\000t\000h\000\351\000t\000i\000q\000u\000e\000s}{section.42}% 21
\BOOKMARK [2][-]{subsection.65}{\376\377\000D\000o\000n\000n\000\351\000e\000s\000\040\000r\000\351\000e\000l\000l\000e\000s}{section.42}% 22
\BOOKMARK [1][-]{section.66}{\376\377\000S\000o\000l\000v\000e\000u\000r\000\040\040\023\000\040\000M\000\351\000t\000h\000o\000d\000e\000\040\000d\000'\000a\000f\000f\000e\000c\000t\000a\000t\000i\000o\000n\000\040\000d\000e\000s\000\040\000U\000E\000s}{}% 23
\BOOKMARK [2][-]{subsection.67}{\376\377\000B\000a\000s\000e\000l\000i\000n\000e\000\040\000d\000e\000\040\000c\000o\000m\000p\000a\000r\000a\000i\000s\000o\000n\000\040\000:\000\040\000f\000i\000r\000s\000t\000-\000c\000o\000m\000e\000\040\000f\000i\000r\000s\000t\000-\000s\000e\000r\000v\000e\000d}{section.66}% 24
\BOOKMARK [2][-]{subsection.68}{\376\377\000S\000o\000l\000v\000e\000u\000r\000\040\000e\000x\000a\000c\000t\000\040\000:\000\040\000m\000o\000d\000\350\000l\000e\000\040\000d\000e\000\040\000p\000r\000o\000g\000r\000a\000m\000m\000a\000t\000i\000o\000n\000\040\000l\000i\000n\000\351\000a\000i\000r\000e\000\040\000e\000n\000\040\000n\000o\000m\000b\000r\000e\000s\000\040\000e\000n\000t\000i\000e\000r\000s\000\040\000\050\000O\000P\000L\000/\000C\000P\000L\000E\000X\000\051}{section.66}% 25
\BOOKMARK [1][-]{section.73}{\376\377\000S\000o\000r\000t\000i\000e\000\040\040\023\000\040\000V\000i\000s\000u\000a\000l\000i\000s\000a\000t\000i\000o\000n\000\040\000d\000e\000s\000\040\000r\000\351\000s\000u\000l\000t\000a\000t\000s}{}% 26
\BOOKMARK [2][-]{subsection.74}{\376\377\000S\000o\000r\000t\000i\000e\000\040\000b\000r\000u\000t\000e\000\040\000:\000\040\000a\000f\000f\000e\000c\000t\000a\000t\000i\000o\000n\000\040\000a\000u\000\040\000f\000o\000r\000m\000a\000t\000\040\000C\000S\000V}{section.73}% 27
\BOOKMARK [2][-]{subsection.75}{\376\377\000S\000o\000r\000t\000i\000e\000s\000\040\000a\000n\000a\000l\000y\000t\000i\000q\000u\000e\000s\000\040\000:\000\040\000v\000e\000c\000t\000e\000u\000r\000s\000\040\000e\000t\000\040\000a\000g\000r\000\351\000g\000a\000t\000s\000\040\000p\000o\000u\000r\000\040\000l\000e\000\040\000t\000a\000b\000l\000e\000a\000u\000\040\000d\000e\000\040\000b\000o\000r\000d}{section.73}% 28
\BOOKMARK [2][-]{subsection.76}{\376\377\000V\000i\000s\000u\000a\000l\000i\000s\000a\000t\000i\000o\000n\000s\000\040\000m\000i\000n\000i\000m\000a\000l\000e\000s\000\040\000\050\000v\000i\000s\000i\000o\000n\000\040\000t\000a\000b\000l\000e\000a\000u\000\040\000d\000e\000\040\000b\000o\000r\000d\000\051}{section.73}% 29
\BOOKMARK [1][-]{section.77}{\376\377\000C\000o\000n\000c\000l\000u\000s\000i\000o\000n}{}% 30
